[2026-04-10T18:07:21.642Z] [INFO] === [SYSTEM START] Logger Initialized ===

[2026-04-10T18:07:21.878Z] [INFO] [SkillRegistry] Đã đăng ký kỹ năng: get_current_time

[2026-04-10T18:07:21.878Z] [INFO] [SkillRegistry] Đã đăng ký kỹ năng: read_file

[2026-04-10T18:07:21.880Z] [INFO] 📡 [WebSocket] Máy chủ phát sóng đã mở tại cổng 8082

[2026-04-10T18:07:21.881Z] [INFO] 💻 [System] Kiến trúc Orchestrator Mới (Dual-Port) đã nạp cốt lõi.

[2026-04-10T18:07:21.881Z] [WARN] ⚠️ [Zalo] Không tìm thấy ZALO_OA_ACCESS_TOKEN hợp lệ. Cảm biến Zalo sẽ tạm tắt.

[2026-04-10T18:07:21.881Z] [INFO] 🌍 [System] Đang dò tìm vị trí hiện tại của thiết bị qua IP...

[2026-04-10T18:07:44.776Z] [INFO] === [SYSTEM START] Logger Initialized ===

[2026-04-10T18:07:44.939Z] [INFO] [SkillRegistry] Đã đăng ký kỹ năng: get_current_time

[2026-04-10T18:07:44.940Z] [INFO] [SkillRegistry] Đã đăng ký kỹ năng: read_file

[2026-04-10T18:07:45.030Z] [WARN] [SkillRegistry] Thư mục kỹ năng không tồn tại: E:\Project\LIVA\src\skills

[2026-04-10T18:07:45.031Z] [INFO] 💻 [System] Kiến trúc Orchestrator Mới (Dual-Port) đã nạp cốt lõi.

[2026-04-10T18:07:45.032Z] [INFO] 🔥 [Auto-Spawn] Đang đánh thức Router Model (gemma-4-E4B-it-Q4_K_M.gguf) ở nền...

[2026-04-10T18:07:45.578Z] [INFO] ✅ Router Server (Port 8000) đã hoạt động túc trực!

[2026-04-10T18:07:45.578Z] [INFO] Đang Load Ngữ Cảnh...

[2026-04-10T18:07:45.592Z] [INFO] Đang đập cánh luồng Tư Duy bằng [Router Model 4B] (Vòng #1)...

[2026-04-10T18:07:51.114Z] [DEBUG] RAW AI Response (Turn 1):
Chào anh Dương, em hiểu anh muốn tự động nhắn tin qua Zalo cho bạn Khánh. Tuy nhiên, với các công cụ em đang được trang bị, em hiện chưa có khả năng tích hợp hoặc thực hiện các tác vụ tự động hóa (RPA) trên các ứng dụng bên ngoài như Zalo để gửi tin nhắn riêng được ạ. 😥

Em xin lỗi vì sự bất tiện này! Nếu anh có bất kỳ yêu cầu nào khác liên quan đến việc xử lý văn bản, đọc file, hay cần thông tin về thời gian, em sẵn lòng hỗ trợ anh ngay nhé! 😊

[2026-04-10T18:07:51.114Z] [INFO] Liva phản hồi cuối (Final Response): "Chào anh Dương, em hiểu anh muốn tự động nhắn tin qua Zalo cho bạn Khánh. Tuy nhiên, với các công cụ em đang được trang bị, em hiện chưa có khả năng tích hợp hoặc thực hiện các tác vụ tự động hóa (RPA) trên các ứng dụng bên ngoài như Zalo để gửi tin nhắn riêng được ạ. 😥

Em xin lỗi vì sự bất tiện này! Nếu anh có bất kỳ yêu cầu nào khác liên quan đến việc xử lý văn bản, đọc file, hay cần thông tin về thời gian, em sẵn lòng hỗ trợ anh ngay nhé! 😊"

